2013/10/22 05:11:54 [error] [exception.CDbException] exception 'CDbException' with message 'CDbConnection failed to open the DB connection: SQLSTATE[HY000] [1045] Access denied for user 'root'@'localhost' (using password: YES)' in /Applications/XAMPP/framework/db/CDbConnection.php:382
Stack trace:
#0 /Applications/XAMPP/framework/db/CDbConnection.php(330): CDbConnection->open()
#1 /Applications/XAMPP/framework/db/CDbConnection.php(308): CDbConnection->setActive(true)
#2 /Applications/XAMPP/framework/base/CModule.php(387): CDbConnection->init()
#3 /Applications/XAMPP/framework/base/CModule.php(103): CModule->getComponent('db')
#4 /Applications/XAMPP/framework/gii/generators/crud/CrudCode.php(44): CModule->__get('db')
#5 /Applications/XAMPP/framework/web/CFormModel.php(39): CrudCode->init()
#6 /Applications/XAMPP/framework/gii/CCodeGenerator.php(153): CFormModel->__construct()
#7 /Applications/XAMPP/framework/gii/CCodeGenerator.php(63): CCodeGenerator->prepare()
#8 /Applications/XAMPP/framework/web/actions/CInlineAction.php(49): CCodeGenerator->actionIndex()
#9 /Applications/XAMPP/framework/web/CController.php(308): CInlineAction->runWithParams(Array)
#10 /Applications/XAMPP/framework/web/CController.php(286): CController->runAction(Object(CInlineAction))
#11 /Applications/XAMPP/framework/web/CController.php(265): CController->runActionWithFilters(Object(CInlineAction), Array)
#12 /Applications/XAMPP/framework/web/CWebApplication.php(282): CController->run('index')
#13 /Applications/XAMPP/framework/web/CWebApplication.php(141): CWebApplication->runController('gii/bootstrap/i...')
#14 /Applications/XAMPP/framework/base/CApplication.php(180): CWebApplication->processRequest()
#15 /Applications/XAMPP/xamppfiles/htdocs/chronocrowd/index.php(13): CApplication->run()
#16 {main}
REQUEST_URI=/chronocrowd/index.php?r=gii/bootstrap/index
HTTP_REFERER=http://localhost/chronocrowd/index.php?r=gii/default/index
---
2013/10/22 05:13:31 [error] [exception.CDbException] exception 'CDbException' with message 'CDbConnection failed to open the DB connection: SQLSTATE[HY000] [1045] Access denied for user 'root'@'localhost' (using password: YES)' in /Applications/XAMPP/framework/db/CDbConnection.php:382
Stack trace:
#0 /Applications/XAMPP/framework/db/CDbConnection.php(330): CDbConnection->open()
#1 /Applications/XAMPP/framework/db/CDbConnection.php(308): CDbConnection->setActive(true)
#2 /Applications/XAMPP/framework/base/CModule.php(387): CDbConnection->init()
#3 /Applications/XAMPP/framework/base/CModule.php(103): CModule->getComponent('db')
#4 /Applications/XAMPP/framework/gii/generators/model/ModelCode.php(60): CModule->__get('db')
#5 /Applications/XAMPP/framework/web/CFormModel.php(39): ModelCode->init()
#6 /Applications/XAMPP/framework/gii/CCodeGenerator.php(153): CFormModel->__construct()
#7 /Applications/XAMPP/framework/gii/CCodeGenerator.php(63): CCodeGenerator->prepare()
#8 /Applications/XAMPP/framework/web/actions/CInlineAction.php(49): CCodeGenerator->actionIndex()
#9 /Applications/XAMPP/framework/web/CController.php(308): CInlineAction->runWithParams(Array)
#10 /Applications/XAMPP/framework/web/CController.php(286): CController->runAction(Object(CInlineAction))
#11 /Applications/XAMPP/framework/web/CController.php(265): CController->runActionWithFilters(Object(CInlineAction), Array)
#12 /Applications/XAMPP/framework/web/CWebApplication.php(282): CController->run('index')
#13 /Applications/XAMPP/framework/web/CWebApplication.php(141): CWebApplication->runController('gii/model/index')
#14 /Applications/XAMPP/framework/base/CApplication.php(180): CWebApplication->processRequest()
#15 /Applications/XAMPP/xamppfiles/htdocs/chronocrowd/index.php(13): CApplication->run()
#16 {main}
REQUEST_URI=/chronocrowd/index.php?r=gii/model/index
HTTP_REFERER=http://localhost/chronocrowd/index.php?r=gii/default/index
---
2013/10/22 05:25:54 [error] [exception.CDbException] exception 'CDbException' with message 'CDbConnection failed to open the DB connection: SQLSTATE[HY000] [1045] Access denied for user 'root'@'localhost' (using password: YES)' in /Applications/XAMPP/framework/db/CDbConnection.php:382
Stack trace:
#0 /Applications/XAMPP/framework/db/CDbConnection.php(330): CDbConnection->open()
#1 /Applications/XAMPP/framework/db/CDbConnection.php(308): CDbConnection->setActive(true)
#2 /Applications/XAMPP/framework/base/CModule.php(387): CDbConnection->init()
#3 /Applications/XAMPP/framework/base/CModule.php(103): CModule->getComponent('db')
#4 /Applications/XAMPP/framework/gii/generators/model/ModelCode.php(60): CModule->__get('db')
#5 /Applications/XAMPP/framework/web/CFormModel.php(39): ModelCode->init()
#6 /Applications/XAMPP/framework/gii/CCodeGenerator.php(153): CFormModel->__construct()
#7 /Applications/XAMPP/framework/gii/CCodeGenerator.php(63): CCodeGenerator->prepare()
#8 /Applications/XAMPP/framework/web/actions/CInlineAction.php(49): CCodeGenerator->actionIndex()
#9 /Applications/XAMPP/framework/web/CController.php(308): CInlineAction->runWithParams(Array)
#10 /Applications/XAMPP/framework/web/CController.php(286): CController->runAction(Object(CInlineAction))
#11 /Applications/XAMPP/framework/web/CController.php(265): CController->runActionWithFilters(Object(CInlineAction), Array)
#12 /Applications/XAMPP/framework/web/CWebApplication.php(282): CController->run('index')
#13 /Applications/XAMPP/framework/web/CWebApplication.php(141): CWebApplication->runController('gii/model/index')
#14 /Applications/XAMPP/framework/base/CApplication.php(180): CWebApplication->processRequest()
#15 /Applications/XAMPP/xamppfiles/htdocs/chronocrowd/index.php(13): CApplication->run()
#16 {main}
REQUEST_URI=/chronocrowd/index.php?r=gii/model/index
HTTP_REFERER=http://localhost/chronocrowd/index.php?r=gii/default/index
---
2013/10/22 05:25:58 [error] [exception.CDbException] exception 'CDbException' with message 'CDbConnection failed to open the DB connection: SQLSTATE[HY000] [1045] Access denied for user 'root'@'localhost' (using password: YES)' in /Applications/XAMPP/framework/db/CDbConnection.php:382
Stack trace:
#0 /Applications/XAMPP/framework/db/CDbConnection.php(330): CDbConnection->open()
#1 /Applications/XAMPP/framework/db/CDbConnection.php(308): CDbConnection->setActive(true)
#2 /Applications/XAMPP/framework/base/CModule.php(387): CDbConnection->init()
#3 /Applications/XAMPP/framework/base/CModule.php(103): CModule->getComponent('db')
#4 /Applications/XAMPP/framework/gii/generators/crud/CrudCode.php(44): CModule->__get('db')
#5 /Applications/XAMPP/framework/web/CFormModel.php(39): CrudCode->init()
#6 /Applications/XAMPP/framework/gii/CCodeGenerator.php(153): CFormModel->__construct()
#7 /Applications/XAMPP/framework/gii/CCodeGenerator.php(63): CCodeGenerator->prepare()
#8 /Applications/XAMPP/framework/web/actions/CInlineAction.php(49): CCodeGenerator->actionIndex()
#9 /Applications/XAMPP/framework/web/CController.php(308): CInlineAction->runWithParams(Array)
#10 /Applications/XAMPP/framework/web/CController.php(286): CController->runAction(Object(CInlineAction))
#11 /Applications/XAMPP/framework/web/CController.php(265): CController->runActionWithFilters(Object(CInlineAction), Array)
#12 /Applications/XAMPP/framework/web/CWebApplication.php(282): CController->run('index')
#13 /Applications/XAMPP/framework/web/CWebApplication.php(141): CWebApplication->runController('gii/bootstrap/i...')
#14 /Applications/XAMPP/framework/base/CApplication.php(180): CWebApplication->processRequest()
#15 /Applications/XAMPP/xamppfiles/htdocs/chronocrowd/index.php(13): CApplication->run()
#16 {main}
REQUEST_URI=/chronocrowd/index.php?r=gii/bootstrap/index
HTTP_REFERER=http://localhost/chronocrowd/index.php?r=gii/default/index
---
2013/10/22 05:26:35 [error] [exception.CDbException] exception 'CDbException' with message 'CDbConnection failed to open the DB connection: SQLSTATE[HY000] [1045] Access denied for user 'root'@'localhost' (using password: YES)' in /Applications/XAMPP/framework/db/CDbConnection.php:382
Stack trace:
#0 /Applications/XAMPP/framework/db/CDbConnection.php(330): CDbConnection->open()
#1 /Applications/XAMPP/framework/db/CDbConnection.php(308): CDbConnection->setActive(true)
#2 /Applications/XAMPP/framework/base/CModule.php(387): CDbConnection->init()
#3 /Applications/XAMPP/framework/base/CModule.php(103): CModule->getComponent('db')
#4 /Applications/XAMPP/framework/gii/generators/crud/CrudCode.php(44): CModule->__get('db')
#5 /Applications/XAMPP/framework/web/CFormModel.php(39): CrudCode->init()
#6 /Applications/XAMPP/framework/gii/CCodeGenerator.php(153): CFormModel->__construct()
#7 /Applications/XAMPP/framework/gii/CCodeGenerator.php(63): CCodeGenerator->prepare()
#8 /Applications/XAMPP/framework/web/actions/CInlineAction.php(49): CCodeGenerator->actionIndex()
#9 /Applications/XAMPP/framework/web/CController.php(308): CInlineAction->runWithParams(Array)
#10 /Applications/XAMPP/framework/web/CController.php(286): CController->runAction(Object(CInlineAction))
#11 /Applications/XAMPP/framework/web/CController.php(265): CController->runActionWithFilters(Object(CInlineAction), Array)
#12 /Applications/XAMPP/framework/web/CWebApplication.php(282): CController->run('index')
#13 /Applications/XAMPP/framework/web/CWebApplication.php(141): CWebApplication->runController('gii/bootstrap/i...')
#14 /Applications/XAMPP/framework/base/CApplication.php(180): CWebApplication->processRequest()
#15 /Applications/XAMPP/xamppfiles/htdocs/chronocrowd/index.php(13): CApplication->run()
#16 {main}
REQUEST_URI=/chronocrowd/index.php?r=gii/bootstrap/index
HTTP_REFERER=http://localhost/chronocrowd/index.php?r=gii/default/index
---
2013/10/22 05:26:44 [error] [exception.CDbException] exception 'CDbException' with message 'CDbConnection failed to open the DB connection: SQLSTATE[HY000] [1045] Access denied for user 'root'@'localhost' (using password: YES)' in /Applications/XAMPP/framework/db/CDbConnection.php:382
Stack trace:
#0 /Applications/XAMPP/framework/db/CDbConnection.php(330): CDbConnection->open()
#1 /Applications/XAMPP/framework/db/CDbConnection.php(308): CDbConnection->setActive(true)
#2 /Applications/XAMPP/framework/base/CModule.php(387): CDbConnection->init()
#3 /Applications/XAMPP/framework/base/CModule.php(103): CModule->getComponent('db')
#4 /Applications/XAMPP/framework/gii/generators/model/ModelCode.php(60): CModule->__get('db')
#5 /Applications/XAMPP/framework/web/CFormModel.php(39): ModelCode->init()
#6 /Applications/XAMPP/framework/gii/CCodeGenerator.php(153): CFormModel->__construct()
#7 /Applications/XAMPP/framework/gii/CCodeGenerator.php(63): CCodeGenerator->prepare()
#8 /Applications/XAMPP/framework/web/actions/CInlineAction.php(49): CCodeGenerator->actionIndex()
#9 /Applications/XAMPP/framework/web/CController.php(308): CInlineAction->runWithParams(Array)
#10 /Applications/XAMPP/framework/web/CController.php(286): CController->runAction(Object(CInlineAction))
#11 /Applications/XAMPP/framework/web/CController.php(265): CController->runActionWithFilters(Object(CInlineAction), Array)
#12 /Applications/XAMPP/framework/web/CWebApplication.php(282): CController->run('index')
#13 /Applications/XAMPP/framework/web/CWebApplication.php(141): CWebApplication->runController('gii/model/index')
#14 /Applications/XAMPP/framework/base/CApplication.php(180): CWebApplication->processRequest()
#15 /Applications/XAMPP/xamppfiles/htdocs/chronocrowd/index.php(13): CApplication->run()
#16 {main}
REQUEST_URI=/chronocrowd/index.php?r=gii/model/index
HTTP_REFERER=http://localhost/chronocrowd/index.php?r=gii/default/index
---
2013/10/22 06:08:24 [error] [exception.CDbException] exception 'CDbException' with message 'CDbConnection failed to open the DB connection: SQLSTATE[HY000] [1045] Access denied for user 'root'@'localhost' (using password: YES)' in /Applications/XAMPP/framework/db/CDbConnection.php:382
Stack trace:
#0 /Applications/XAMPP/framework/db/CDbConnection.php(330): CDbConnection->open()
#1 /Applications/XAMPP/framework/db/CDbConnection.php(308): CDbConnection->setActive(true)
#2 /Applications/XAMPP/framework/base/CModule.php(387): CDbConnection->init()
#3 /Applications/XAMPP/framework/base/CModule.php(103): CModule->getComponent('db')
#4 /Applications/XAMPP/framework/gii/generators/model/ModelCode.php(60): CModule->__get('db')
#5 /Applications/XAMPP/framework/web/CFormModel.php(39): ModelCode->init()
#6 /Applications/XAMPP/framework/gii/CCodeGenerator.php(153): CFormModel->__construct()
#7 /Applications/XAMPP/framework/gii/CCodeGenerator.php(63): CCodeGenerator->prepare()
#8 /Applications/XAMPP/framework/web/actions/CInlineAction.php(49): CCodeGenerator->actionIndex()
#9 /Applications/XAMPP/framework/web/CController.php(308): CInlineAction->runWithParams(Array)
#10 /Applications/XAMPP/framework/web/CController.php(286): CController->runAction(Object(CInlineAction))
#11 /Applications/XAMPP/framework/web/CController.php(265): CController->runActionWithFilters(Object(CInlineAction), Array)
#12 /Applications/XAMPP/framework/web/CWebApplication.php(282): CController->run('index')
#13 /Applications/XAMPP/framework/web/CWebApplication.php(141): CWebApplication->runController('gii/model/index')
#14 /Applications/XAMPP/framework/base/CApplication.php(180): CWebApplication->processRequest()
#15 /Applications/XAMPP/xamppfiles/htdocs/chronocrowd/index.php(13): CApplication->run()
#16 {main}
REQUEST_URI=/chronocrowd/index.php?r=gii/model/index
HTTP_REFERER=http://localhost/chronocrowd/index.php?r=gii/default/index
---
2013/11/23 06:21:20 [error] [exception.CDbException] exception 'CDbException' with message 'CDbConnection failed to open the DB connection: SQLSTATE[HY000] [2002] No such file or directory' in /Applications/XAMPP/xamppfiles/htdocs/chronocrowd/framework/db/CDbConnection.php:382
Stack trace:
#0 /Applications/XAMPP/xamppfiles/htdocs/chronocrowd/framework/db/CDbConnection.php(330): CDbConnection->open()
#1 /Applications/XAMPP/xamppfiles/htdocs/chronocrowd/framework/db/CDbConnection.php(308): CDbConnection->setActive(true)
#2 /Applications/XAMPP/xamppfiles/htdocs/chronocrowd/framework/base/CModule.php(387): CDbConnection->init()
#3 /Applications/XAMPP/xamppfiles/htdocs/chronocrowd/framework/base/CModule.php(103): CModule->getComponent('db')
#4 /Applications/XAMPP/xamppfiles/htdocs/chronocrowd/framework/gii/generators/crud/CrudCode.php(44): CModule->__get('db')
#5 /Applications/XAMPP/xamppfiles/htdocs/chronocrowd/framework/web/CFormModel.php(39): CrudCode->init()
#6 /Applications/XAMPP/xamppfiles/htdocs/chronocrowd/framework/gii/CCodeGenerator.php(153): CFormModel->__construct()
#7 /Applications/XAMPP/xamppfiles/htdocs/chronocrowd/framework/gii/CCodeGenerator.php(63): CCodeGenerator->prepare()
#8 /Applications/XAMPP/xamppfiles/htdocs/chronocrowd/framework/web/actions/CInlineAction.php(49): CCodeGenerator->actionIndex()
#9 /Applications/XAMPP/xamppfiles/htdocs/chronocrowd/framework/web/CController.php(308): CInlineAction->runWithParams(Array)
#10 /Applications/XAMPP/xamppfiles/htdocs/chronocrowd/framework/web/CController.php(286): CController->runAction(Object(CInlineAction))
#11 /Applications/XAMPP/xamppfiles/htdocs/chronocrowd/framework/web/CController.php(265): CController->runActionWithFilters(Object(CInlineAction), Array)
#12 /Applications/XAMPP/xamppfiles/htdocs/chronocrowd/framework/web/CWebApplication.php(282): CController->run('index')
#13 /Applications/XAMPP/xamppfiles/htdocs/chronocrowd/framework/web/CWebApplication.php(141): CWebApplication->runController('gii/bootstrap/i...')
#14 /Applications/XAMPP/xamppfiles/htdocs/chronocrowd/framework/base/CApplication.php(180): CWebApplication->processRequest()
#15 /Applications/XAMPP/xamppfiles/htdocs/chronocrowd/index.php(13): CApplication->run()
#16 {main}
REQUEST_URI=/chronocrowd/index.php?r=gii/bootstrap/index
HTTP_REFERER=http://localhost/chronocrowd/index.php?r=gii/default/index
---
2013/11/23 06:21:34 [error] [exception.CDbException] exception 'CDbException' with message 'CDbConnection failed to open the DB connection: SQLSTATE[HY000] [2002] No such file or directory' in /Applications/XAMPP/xamppfiles/htdocs/chronocrowd/framework/db/CDbConnection.php:382
Stack trace:
#0 /Applications/XAMPP/xamppfiles/htdocs/chronocrowd/framework/db/CDbConnection.php(330): CDbConnection->open()
#1 /Applications/XAMPP/xamppfiles/htdocs/chronocrowd/framework/db/CDbConnection.php(308): CDbConnection->setActive(true)
#2 /Applications/XAMPP/xamppfiles/htdocs/chronocrowd/framework/base/CModule.php(387): CDbConnection->init()
#3 /Applications/XAMPP/xamppfiles/htdocs/chronocrowd/framework/base/CModule.php(103): CModule->getComponent('db')
#4 /Applications/XAMPP/xamppfiles/htdocs/chronocrowd/framework/gii/generators/model/ModelCode.php(60): CModule->__get('db')
#5 /Applications/XAMPP/xamppfiles/htdocs/chronocrowd/framework/web/CFormModel.php(39): ModelCode->init()
#6 /Applications/XAMPP/xamppfiles/htdocs/chronocrowd/framework/gii/CCodeGenerator.php(153): CFormModel->__construct()
#7 /Applications/XAMPP/xamppfiles/htdocs/chronocrowd/framework/gii/CCodeGenerator.php(63): CCodeGenerator->prepare()
#8 /Applications/XAMPP/xamppfiles/htdocs/chronocrowd/framework/web/actions/CInlineAction.php(49): CCodeGenerator->actionIndex()
#9 /Applications/XAMPP/xamppfiles/htdocs/chronocrowd/framework/web/CController.php(308): CInlineAction->runWithParams(Array)
#10 /Applications/XAMPP/xamppfiles/htdocs/chronocrowd/framework/web/CController.php(286): CController->runAction(Object(CInlineAction))
#11 /Applications/XAMPP/xamppfiles/htdocs/chronocrowd/framework/web/CController.php(265): CController->runActionWithFilters(Object(CInlineAction), Array)
#12 /Applications/XAMPP/xamppfiles/htdocs/chronocrowd/framework/web/CWebApplication.php(282): CController->run('index')
#13 /Applications/XAMPP/xamppfiles/htdocs/chronocrowd/framework/web/CWebApplication.php(141): CWebApplication->runController('gii/model/index')
#14 /Applications/XAMPP/xamppfiles/htdocs/chronocrowd/framework/base/CApplication.php(180): CWebApplication->processRequest()
#15 /Applications/XAMPP/xamppfiles/htdocs/chronocrowd/index.php(13): CApplication->run()
#16 {main}
REQUEST_URI=/chronocrowd/index.php?r=gii/model/index
HTTP_REFERER=http://localhost/chronocrowd/index.php?r=gii/default/index
---
2013/11/23 06:28:06 [error] [exception.CDbException] exception 'CDbException' with message 'CDbConnection failed to open the DB connection: SQLSTATE[HY000] [1045] Access denied for user '629783'@'localhost' (using password: YES)' in /Applications/XAMPP/xamppfiles/htdocs/chronocrowd/framework/db/CDbConnection.php:382
Stack trace:
#0 /Applications/XAMPP/xamppfiles/htdocs/chronocrowd/framework/db/CDbConnection.php(330): CDbConnection->open()
#1 /Applications/XAMPP/xamppfiles/htdocs/chronocrowd/framework/db/CDbConnection.php(308): CDbConnection->setActive(true)
#2 /Applications/XAMPP/xamppfiles/htdocs/chronocrowd/framework/base/CModule.php(387): CDbConnection->init()
#3 /Applications/XAMPP/xamppfiles/htdocs/chronocrowd/framework/base/CModule.php(103): CModule->getComponent('db')
#4 /Applications/XAMPP/xamppfiles/htdocs/chronocrowd/framework/gii/generators/crud/CrudCode.php(44): CModule->__get('db')
#5 /Applications/XAMPP/xamppfiles/htdocs/chronocrowd/framework/web/CFormModel.php(39): CrudCode->init()
#6 /Applications/XAMPP/xamppfiles/htdocs/chronocrowd/framework/gii/CCodeGenerator.php(153): CFormModel->__construct()
#7 /Applications/XAMPP/xamppfiles/htdocs/chronocrowd/framework/gii/CCodeGenerator.php(63): CCodeGenerator->prepare()
#8 /Applications/XAMPP/xamppfiles/htdocs/chronocrowd/framework/web/actions/CInlineAction.php(49): CCodeGenerator->actionIndex()
#9 /Applications/XAMPP/xamppfiles/htdocs/chronocrowd/framework/web/CController.php(308): CInlineAction->runWithParams(Array)
#10 /Applications/XAMPP/xamppfiles/htdocs/chronocrowd/framework/web/CController.php(286): CController->runAction(Object(CInlineAction))
#11 /Applications/XAMPP/xamppfiles/htdocs/chronocrowd/framework/web/CController.php(265): CController->runActionWithFilters(Object(CInlineAction), Array)
#12 /Applications/XAMPP/xamppfiles/htdocs/chronocrowd/framework/web/CWebApplication.php(282): CController->run('index')
#13 /Applications/XAMPP/xamppfiles/htdocs/chronocrowd/framework/web/CWebApplication.php(141): CWebApplication->runController('gii/bootstrap/i...')
#14 /Applications/XAMPP/xamppfiles/htdocs/chronocrowd/framework/base/CApplication.php(180): CWebApplication->processRequest()
#15 /Applications/XAMPP/xamppfiles/htdocs/chronocrowd/index.php(13): CApplication->run()
#16 {main}
REQUEST_URI=/chronocrowd/index.php?r=gii/bootstrap/index
HTTP_REFERER=http://localhost/chronocrowd/index.php?r=gii/form/index
---
2013/11/23 06:28:17 [error] [exception.CDbException] exception 'CDbException' with message 'CDbConnection failed to open the DB connection: SQLSTATE[HY000] [1045] Access denied for user '629783'@'localhost' (using password: YES)' in /Applications/XAMPP/xamppfiles/htdocs/chronocrowd/framework/db/CDbConnection.php:382
Stack trace:
#0 /Applications/XAMPP/xamppfiles/htdocs/chronocrowd/framework/db/CDbConnection.php(330): CDbConnection->open()
#1 /Applications/XAMPP/xamppfiles/htdocs/chronocrowd/framework/db/CDbConnection.php(308): CDbConnection->setActive(true)
#2 /Applications/XAMPP/xamppfiles/htdocs/chronocrowd/framework/base/CModule.php(387): CDbConnection->init()
#3 /Applications/XAMPP/xamppfiles/htdocs/chronocrowd/framework/base/CModule.php(103): CModule->getComponent('db')
#4 /Applications/XAMPP/xamppfiles/htdocs/chronocrowd/framework/gii/generators/crud/CrudCode.php(44): CModule->__get('db')
#5 /Applications/XAMPP/xamppfiles/htdocs/chronocrowd/framework/web/CFormModel.php(39): CrudCode->init()
#6 /Applications/XAMPP/xamppfiles/htdocs/chronocrowd/framework/gii/CCodeGenerator.php(153): CFormModel->__construct()
#7 /Applications/XAMPP/xamppfiles/htdocs/chronocrowd/framework/gii/CCodeGenerator.php(63): CCodeGenerator->prepare()
#8 /Applications/XAMPP/xamppfiles/htdocs/chronocrowd/framework/web/actions/CInlineAction.php(49): CCodeGenerator->actionIndex()
#9 /Applications/XAMPP/xamppfiles/htdocs/chronocrowd/framework/web/CController.php(308): CInlineAction->runWithParams(Array)
#10 /Applications/XAMPP/xamppfiles/htdocs/chronocrowd/framework/web/CController.php(286): CController->runAction(Object(CInlineAction))
#11 /Applications/XAMPP/xamppfiles/htdocs/chronocrowd/framework/web/CController.php(265): CController->runActionWithFilters(Object(CInlineAction), Array)
#12 /Applications/XAMPP/xamppfiles/htdocs/chronocrowd/framework/web/CWebApplication.php(282): CController->run('index')
#13 /Applications/XAMPP/xamppfiles/htdocs/chronocrowd/framework/web/CWebApplication.php(141): CWebApplication->runController('gii/bootstrap/i...')
#14 /Applications/XAMPP/xamppfiles/htdocs/chronocrowd/framework/base/CApplication.php(180): CWebApplication->processRequest()
#15 /Applications/XAMPP/xamppfiles/htdocs/chronocrowd/index.php(13): CApplication->run()
#16 {main}
REQUEST_URI=/chronocrowd/index.php?r=gii/bootstrap/index
HTTP_REFERER=http://localhost/chronocrowd/index.php?r=gii/form/index
---
2013/11/23 06:28:22 [error] [exception.CDbException] exception 'CDbException' with message 'CDbConnection failed to open the DB connection: SQLSTATE[HY000] [1045] Access denied for user '629783'@'localhost' (using password: YES)' in /Applications/XAMPP/xamppfiles/htdocs/chronocrowd/framework/db/CDbConnection.php:382
Stack trace:
#0 /Applications/XAMPP/xamppfiles/htdocs/chronocrowd/framework/db/CDbConnection.php(330): CDbConnection->open()
#1 /Applications/XAMPP/xamppfiles/htdocs/chronocrowd/framework/db/CDbConnection.php(308): CDbConnection->setActive(true)
#2 /Applications/XAMPP/xamppfiles/htdocs/chronocrowd/framework/base/CModule.php(387): CDbConnection->init()
#3 /Applications/XAMPP/xamppfiles/htdocs/chronocrowd/framework/base/CModule.php(103): CModule->getComponent('db')
#4 /Applications/XAMPP/xamppfiles/htdocs/chronocrowd/framework/gii/generators/model/ModelCode.php(60): CModule->__get('db')
#5 /Applications/XAMPP/xamppfiles/htdocs/chronocrowd/framework/web/CFormModel.php(39): ModelCode->init()
#6 /Applications/XAMPP/xamppfiles/htdocs/chronocrowd/framework/gii/CCodeGenerator.php(153): CFormModel->__construct()
#7 /Applications/XAMPP/xamppfiles/htdocs/chronocrowd/framework/gii/CCodeGenerator.php(63): CCodeGenerator->prepare()
#8 /Applications/XAMPP/xamppfiles/htdocs/chronocrowd/framework/web/actions/CInlineAction.php(49): CCodeGenerator->actionIndex()
#9 /Applications/XAMPP/xamppfiles/htdocs/chronocrowd/framework/web/CController.php(308): CInlineAction->runWithParams(Array)
#10 /Applications/XAMPP/xamppfiles/htdocs/chronocrowd/framework/web/CController.php(286): CController->runAction(Object(CInlineAction))
#11 /Applications/XAMPP/xamppfiles/htdocs/chronocrowd/framework/web/CController.php(265): CController->runActionWithFilters(Object(CInlineAction), Array)
#12 /Applications/XAMPP/xamppfiles/htdocs/chronocrowd/framework/web/CWebApplication.php(282): CController->run('index')
#13 /Applications/XAMPP/xamppfiles/htdocs/chronocrowd/framework/web/CWebApplication.php(141): CWebApplication->runController('gii/model/index')
#14 /Applications/XAMPP/xamppfiles/htdocs/chronocrowd/framework/base/CApplication.php(180): CWebApplication->processRequest()
#15 /Applications/XAMPP/xamppfiles/htdocs/chronocrowd/index.php(13): CApplication->run()
#16 {main}
REQUEST_URI=/chronocrowd/index.php?r=gii/model/index
HTTP_REFERER=http://localhost/chronocrowd/index.php?r=gii/form/index
---
2013/11/23 06:28:28 [error] [exception.CDbException] exception 'CDbException' with message 'CDbConnection failed to open the DB connection: SQLSTATE[HY000] [1045] Access denied for user '629783'@'localhost' (using password: YES)' in /Applications/XAMPP/xamppfiles/htdocs/chronocrowd/framework/db/CDbConnection.php:382
Stack trace:
#0 /Applications/XAMPP/xamppfiles/htdocs/chronocrowd/framework/db/CDbConnection.php(330): CDbConnection->open()
#1 /Applications/XAMPP/xamppfiles/htdocs/chronocrowd/framework/db/CDbConnection.php(308): CDbConnection->setActive(true)
#2 /Applications/XAMPP/xamppfiles/htdocs/chronocrowd/framework/base/CModule.php(387): CDbConnection->init()
#3 /Applications/XAMPP/xamppfiles/htdocs/chronocrowd/framework/base/CModule.php(103): CModule->getComponent('db')
#4 /Applications/XAMPP/xamppfiles/htdocs/chronocrowd/framework/gii/generators/crud/CrudCode.php(44): CModule->__get('db')
#5 /Applications/XAMPP/xamppfiles/htdocs/chronocrowd/framework/web/CFormModel.php(39): CrudCode->init()
#6 /Applications/XAMPP/xamppfiles/htdocs/chronocrowd/framework/gii/CCodeGenerator.php(153): CFormModel->__construct()
#7 /Applications/XAMPP/xamppfiles/htdocs/chronocrowd/framework/gii/CCodeGenerator.php(63): CCodeGenerator->prepare()
#8 /Applications/XAMPP/xamppfiles/htdocs/chronocrowd/framework/web/actions/CInlineAction.php(49): CCodeGenerator->actionIndex()
#9 /Applications/XAMPP/xamppfiles/htdocs/chronocrowd/framework/web/CController.php(308): CInlineAction->runWithParams(Array)
#10 /Applications/XAMPP/xamppfiles/htdocs/chronocrowd/framework/web/CController.php(286): CController->runAction(Object(CInlineAction))
#11 /Applications/XAMPP/xamppfiles/htdocs/chronocrowd/framework/web/CController.php(265): CController->runActionWithFilters(Object(CInlineAction), Array)
#12 /Applications/XAMPP/xamppfiles/htdocs/chronocrowd/framework/web/CWebApplication.php(282): CController->run('index')
#13 /Applications/XAMPP/xamppfiles/htdocs/chronocrowd/framework/web/CWebApplication.php(141): CWebApplication->runController('gii/crud/index')
#14 /Applications/XAMPP/xamppfiles/htdocs/chronocrowd/framework/base/CApplication.php(180): CWebApplication->processRequest()
#15 /Applications/XAMPP/xamppfiles/htdocs/chronocrowd/index.php(13): CApplication->run()
#16 {main}
REQUEST_URI=/chronocrowd/index.php?r=gii/crud/index
HTTP_REFERER=http://localhost/chronocrowd/index.php?r=gii/controller/index
---
2013/11/23 06:28:33 [error] [exception.CDbException] exception 'CDbException' with message 'CDbConnection failed to open the DB connection: SQLSTATE[HY000] [1045] Access denied for user '629783'@'localhost' (using password: YES)' in /Applications/XAMPP/xamppfiles/htdocs/chronocrowd/framework/db/CDbConnection.php:382
Stack trace:
#0 /Applications/XAMPP/xamppfiles/htdocs/chronocrowd/framework/db/CDbConnection.php(330): CDbConnection->open()
#1 /Applications/XAMPP/xamppfiles/htdocs/chronocrowd/framework/db/CDbConnection.php(308): CDbConnection->setActive(true)
#2 /Applications/XAMPP/xamppfiles/htdocs/chronocrowd/framework/base/CModule.php(387): CDbConnection->init()
#3 /Applications/XAMPP/xamppfiles/htdocs/chronocrowd/framework/base/CModule.php(103): CModule->getComponent('db')
#4 /Applications/XAMPP/xamppfiles/htdocs/chronocrowd/framework/gii/generators/model/ModelCode.php(60): CModule->__get('db')
#5 /Applications/XAMPP/xamppfiles/htdocs/chronocrowd/framework/web/CFormModel.php(39): ModelCode->init()
#6 /Applications/XAMPP/xamppfiles/htdocs/chronocrowd/framework/gii/CCodeGenerator.php(153): CFormModel->__construct()
#7 /Applications/XAMPP/xamppfiles/htdocs/chronocrowd/framework/gii/CCodeGenerator.php(63): CCodeGenerator->prepare()
#8 /Applications/XAMPP/xamppfiles/htdocs/chronocrowd/framework/web/actions/CInlineAction.php(49): CCodeGenerator->actionIndex()
#9 /Applications/XAMPP/xamppfiles/htdocs/chronocrowd/framework/web/CController.php(308): CInlineAction->runWithParams(Array)
#10 /Applications/XAMPP/xamppfiles/htdocs/chronocrowd/framework/web/CController.php(286): CController->runAction(Object(CInlineAction))
#11 /Applications/XAMPP/xamppfiles/htdocs/chronocrowd/framework/web/CController.php(265): CController->runActionWithFilters(Object(CInlineAction), Array)
#12 /Applications/XAMPP/xamppfiles/htdocs/chronocrowd/framework/web/CWebApplication.php(282): CController->run('index')
#13 /Applications/XAMPP/xamppfiles/htdocs/chronocrowd/framework/web/CWebApplication.php(141): CWebApplication->runController('gii/model/index')
#14 /Applications/XAMPP/xamppfiles/htdocs/chronocrowd/framework/base/CApplication.php(180): CWebApplication->processRequest()
#15 /Applications/XAMPP/xamppfiles/htdocs/chronocrowd/index.php(13): CApplication->run()
#16 {main}
REQUEST_URI=/chronocrowd/index.php?r=gii/model/index
HTTP_REFERER=http://localhost/chronocrowd/index.php?r=gii/controller/index
---
2013/11/23 06:28:37 [error] [exception.CDbException] exception 'CDbException' with message 'CDbConnection failed to open the DB connection: SQLSTATE[HY000] [1045] Access denied for user '629783'@'localhost' (using password: YES)' in /Applications/XAMPP/xamppfiles/htdocs/chronocrowd/framework/db/CDbConnection.php:382
Stack trace:
#0 /Applications/XAMPP/xamppfiles/htdocs/chronocrowd/framework/db/CDbConnection.php(330): CDbConnection->open()
#1 /Applications/XAMPP/xamppfiles/htdocs/chronocrowd/framework/db/CDbConnection.php(308): CDbConnection->setActive(true)
#2 /Applications/XAMPP/xamppfiles/htdocs/chronocrowd/framework/base/CModule.php(387): CDbConnection->init()
#3 /Applications/XAMPP/xamppfiles/htdocs/chronocrowd/framework/base/CModule.php(103): CModule->getComponent('db')
#4 /Applications/XAMPP/xamppfiles/htdocs/chronocrowd/framework/gii/generators/model/ModelCode.php(60): CModule->__get('db')
#5 /Applications/XAMPP/xamppfiles/htdocs/chronocrowd/framework/web/CFormModel.php(39): ModelCode->init()
#6 /Applications/XAMPP/xamppfiles/htdocs/chronocrowd/framework/gii/CCodeGenerator.php(153): CFormModel->__construct()
#7 /Applications/XAMPP/xamppfiles/htdocs/chronocrowd/framework/gii/CCodeGenerator.php(63): CCodeGenerator->prepare()
#8 /Applications/XAMPP/xamppfiles/htdocs/chronocrowd/framework/web/actions/CInlineAction.php(49): CCodeGenerator->actionIndex()
#9 /Applications/XAMPP/xamppfiles/htdocs/chronocrowd/framework/web/CController.php(308): CInlineAction->runWithParams(Array)
#10 /Applications/XAMPP/xamppfiles/htdocs/chronocrowd/framework/web/CController.php(286): CController->runAction(Object(CInlineAction))
#11 /Applications/XAMPP/xamppfiles/htdocs/chronocrowd/framework/web/CController.php(265): CController->runActionWithFilters(Object(CInlineAction), Array)
#12 /Applications/XAMPP/xamppfiles/htdocs/chronocrowd/framework/web/CWebApplication.php(282): CController->run('index')
#13 /Applications/XAMPP/xamppfiles/htdocs/chronocrowd/framework/web/CWebApplication.php(141): CWebApplication->runController('gii/model/index')
#14 /Applications/XAMPP/xamppfiles/htdocs/chronocrowd/framework/base/CApplication.php(180): CWebApplication->processRequest()
#15 /Applications/XAMPP/xamppfiles/htdocs/chronocrowd/index.php(13): CApplication->run()
#16 {main}
REQUEST_URI=/chronocrowd/index.php?r=gii/model/index
HTTP_REFERER=http://localhost/chronocrowd/index.php?r=gii/controller/index
---
2013/11/23 06:28:41 [error] [exception.CDbException] exception 'CDbException' with message 'CDbConnection failed to open the DB connection: SQLSTATE[HY000] [1045] Access denied for user '629783'@'localhost' (using password: YES)' in /Applications/XAMPP/xamppfiles/htdocs/chronocrowd/framework/db/CDbConnection.php:382
Stack trace:
#0 /Applications/XAMPP/xamppfiles/htdocs/chronocrowd/framework/db/CDbConnection.php(330): CDbConnection->open()
#1 /Applications/XAMPP/xamppfiles/htdocs/chronocrowd/framework/db/CDbConnection.php(308): CDbConnection->setActive(true)
#2 /Applications/XAMPP/xamppfiles/htdocs/chronocrowd/framework/base/CModule.php(387): CDbConnection->init()
#3 /Applications/XAMPP/xamppfiles/htdocs/chronocrowd/framework/base/CModule.php(103): CModule->getComponent('db')
#4 /Applications/XAMPP/xamppfiles/htdocs/chronocrowd/framework/gii/generators/model/ModelCode.php(60): CModule->__get('db')
#5 /Applications/XAMPP/xamppfiles/htdocs/chronocrowd/framework/web/CFormModel.php(39): ModelCode->init()
#6 /Applications/XAMPP/xamppfiles/htdocs/chronocrowd/framework/gii/CCodeGenerator.php(153): CFormModel->__construct()
#7 /Applications/XAMPP/xamppfiles/htdocs/chronocrowd/framework/gii/CCodeGenerator.php(63): CCodeGenerator->prepare()
#8 /Applications/XAMPP/xamppfiles/htdocs/chronocrowd/framework/web/actions/CInlineAction.php(49): CCodeGenerator->actionIndex()
#9 /Applications/XAMPP/xamppfiles/htdocs/chronocrowd/framework/web/CController.php(308): CInlineAction->runWithParams(Array)
#10 /Applications/XAMPP/xamppfiles/htdocs/chronocrowd/framework/web/CController.php(286): CController->runAction(Object(CInlineAction))
#11 /Applications/XAMPP/xamppfiles/htdocs/chronocrowd/framework/web/CController.php(265): CController->runActionWithFilters(Object(CInlineAction), Array)
#12 /Applications/XAMPP/xamppfiles/htdocs/chronocrowd/framework/web/CWebApplication.php(282): CController->run('index')
#13 /Applications/XAMPP/xamppfiles/htdocs/chronocrowd/framework/web/CWebApplication.php(141): CWebApplication->runController('gii/model/index')
#14 /Applications/XAMPP/xamppfiles/htdocs/chronocrowd/framework/base/CApplication.php(180): CWebApplication->processRequest()
#15 /Applications/XAMPP/xamppfiles/htdocs/chronocrowd/index.php(13): CApplication->run()
#16 {main}
REQUEST_URI=/chronocrowd/index.php?r=gii/model/index
HTTP_REFERER=http://localhost/chronocrowd/index.php?r=gii/controller/index
---
2013/11/23 06:30:47 [error] [exception.CDbException] exception 'CDbException' with message 'CDbConnection failed to open the DB connection: SQLSTATE[HY000] [1045] Access denied for user '629783'@'localhost' (using password: YES)' in /Applications/XAMPP/xamppfiles/htdocs/chronocrowd/framework/db/CDbConnection.php:382
Stack trace:
#0 /Applications/XAMPP/xamppfiles/htdocs/chronocrowd/framework/db/CDbConnection.php(330): CDbConnection->open()
#1 /Applications/XAMPP/xamppfiles/htdocs/chronocrowd/framework/db/CDbConnection.php(308): CDbConnection->setActive(true)
#2 /Applications/XAMPP/xamppfiles/htdocs/chronocrowd/framework/base/CModule.php(387): CDbConnection->init()
#3 /Applications/XAMPP/xamppfiles/htdocs/chronocrowd/framework/base/CModule.php(103): CModule->getComponent('db')
#4 /Applications/XAMPP/xamppfiles/htdocs/chronocrowd/framework/gii/generators/model/ModelCode.php(60): CModule->__get('db')
#5 /Applications/XAMPP/xamppfiles/htdocs/chronocrowd/framework/web/CFormModel.php(39): ModelCode->init()
#6 /Applications/XAMPP/xamppfiles/htdocs/chronocrowd/framework/gii/CCodeGenerator.php(153): CFormModel->__construct()
#7 /Applications/XAMPP/xamppfiles/htdocs/chronocrowd/framework/gii/CCodeGenerator.php(63): CCodeGenerator->prepare()
#8 /Applications/XAMPP/xamppfiles/htdocs/chronocrowd/framework/web/actions/CInlineAction.php(49): CCodeGenerator->actionIndex()
#9 /Applications/XAMPP/xamppfiles/htdocs/chronocrowd/framework/web/CController.php(308): CInlineAction->runWithParams(Array)
#10 /Applications/XAMPP/xamppfiles/htdocs/chronocrowd/framework/web/CController.php(286): CController->runAction(Object(CInlineAction))
#11 /Applications/XAMPP/xamppfiles/htdocs/chronocrowd/framework/web/CController.php(265): CController->runActionWithFilters(Object(CInlineAction), Array)
#12 /Applications/XAMPP/xamppfiles/htdocs/chronocrowd/framework/web/CWebApplication.php(282): CController->run('index')
#13 /Applications/XAMPP/xamppfiles/htdocs/chronocrowd/framework/web/CWebApplication.php(141): CWebApplication->runController('gii/model/index')
#14 /Applications/XAMPP/xamppfiles/htdocs/chronocrowd/framework/base/CApplication.php(180): CWebApplication->processRequest()
#15 /Applications/XAMPP/xamppfiles/htdocs/chronocrowd/index.php(13): CApplication->run()
#16 {main}
REQUEST_URI=/chronocrowd/index.php?r=gii/model/index
HTTP_REFERER=http://localhost/chronocrowd/index.php?r=gii/controller/index
---
2013/11/23 06:30:50 [error] [exception.CDbException] exception 'CDbException' with message 'CDbConnection failed to open the DB connection: SQLSTATE[HY000] [1045] Access denied for user '629783'@'localhost' (using password: YES)' in /Applications/XAMPP/xamppfiles/htdocs/chronocrowd/framework/db/CDbConnection.php:382
Stack trace:
#0 /Applications/XAMPP/xamppfiles/htdocs/chronocrowd/framework/db/CDbConnection.php(330): CDbConnection->open()
#1 /Applications/XAMPP/xamppfiles/htdocs/chronocrowd/framework/db/CDbConnection.php(308): CDbConnection->setActive(true)
#2 /Applications/XAMPP/xamppfiles/htdocs/chronocrowd/framework/base/CModule.php(387): CDbConnection->init()
#3 /Applications/XAMPP/xamppfiles/htdocs/chronocrowd/framework/base/CModule.php(103): CModule->getComponent('db')
#4 /Applications/XAMPP/xamppfiles/htdocs/chronocrowd/framework/gii/generators/model/ModelCode.php(60): CModule->__get('db')
#5 /Applications/XAMPP/xamppfiles/htdocs/chronocrowd/framework/web/CFormModel.php(39): ModelCode->init()
#6 /Applications/XAMPP/xamppfiles/htdocs/chronocrowd/framework/gii/CCodeGenerator.php(153): CFormModel->__construct()
#7 /Applications/XAMPP/xamppfiles/htdocs/chronocrowd/framework/gii/CCodeGenerator.php(63): CCodeGenerator->prepare()
#8 /Applications/XAMPP/xamppfiles/htdocs/chronocrowd/framework/web/actions/CInlineAction.php(49): CCodeGenerator->actionIndex()
#9 /Applications/XAMPP/xamppfiles/htdocs/chronocrowd/framework/web/CController.php(308): CInlineAction->runWithParams(Array)
#10 /Applications/XAMPP/xamppfiles/htdocs/chronocrowd/framework/web/CController.php(286): CController->runAction(Object(CInlineAction))
#11 /Applications/XAMPP/xamppfiles/htdocs/chronocrowd/framework/web/CController.php(265): CController->runActionWithFilters(Object(CInlineAction), Array)
#12 /Applications/XAMPP/xamppfiles/htdocs/chronocrowd/framework/web/CWebApplication.php(282): CController->run('index')
#13 /Applications/XAMPP/xamppfiles/htdocs/chronocrowd/framework/web/CWebApplication.php(141): CWebApplication->runController('gii/model/index')
#14 /Applications/XAMPP/xamppfiles/htdocs/chronocrowd/framework/base/CApplication.php(180): CWebApplication->processRequest()
#15 /Applications/XAMPP/xamppfiles/htdocs/chronocrowd/index.php(13): CApplication->run()
#16 {main}
REQUEST_URI=/chronocrowd/index.php?r=gii/model/index
HTTP_REFERER=http://localhost/chronocrowd/index.php?r=gii/controller/index
---
2013/11/23 12:10:26 [error] [exception.CDbException] exception 'CDbException' with message 'CDbConnection failed to open the DB connection: SQLSTATE[HY000] [1045] Access denied for user '629783'@'localhost' (using password: YES)' in /Applications/mampstack-5.4.22-0/apache2/htdocs/chronocrowd/framework/db/CDbConnection.php:382
Stack trace:
#0 /Applications/mampstack-5.4.22-0/apache2/htdocs/chronocrowd/framework/db/CDbConnection.php(330): CDbConnection->open()
#1 /Applications/mampstack-5.4.22-0/apache2/htdocs/chronocrowd/framework/db/CDbConnection.php(308): CDbConnection->setActive(true)
#2 /Applications/mampstack-5.4.22-0/apache2/htdocs/chronocrowd/framework/base/CModule.php(387): CDbConnection->init()
#3 /Applications/mampstack-5.4.22-0/apache2/htdocs/chronocrowd/framework/base/CModule.php(103): CModule->getComponent('db')
#4 /Applications/mampstack-5.4.22-0/apache2/htdocs/chronocrowd/framework/gii/generators/crud/CrudCode.php(44): CModule->__get('db')
#5 /Applications/mampstack-5.4.22-0/apache2/htdocs/chronocrowd/framework/web/CFormModel.php(39): CrudCode->init()
#6 /Applications/mampstack-5.4.22-0/apache2/htdocs/chronocrowd/framework/gii/CCodeGenerator.php(153): CFormModel->__construct()
#7 /Applications/mampstack-5.4.22-0/apache2/htdocs/chronocrowd/framework/gii/CCodeGenerator.php(63): CCodeGenerator->prepare()
#8 /Applications/mampstack-5.4.22-0/apache2/htdocs/chronocrowd/framework/web/actions/CInlineAction.php(49): CCodeGenerator->actionIndex()
#9 /Applications/mampstack-5.4.22-0/apache2/htdocs/chronocrowd/framework/web/CController.php(308): CInlineAction->runWithParams(Array)
#10 /Applications/mampstack-5.4.22-0/apache2/htdocs/chronocrowd/framework/web/CController.php(286): CController->runAction(Object(CInlineAction))
#11 /Applications/mampstack-5.4.22-0/apache2/htdocs/chronocrowd/framework/web/CController.php(265): CController->runActionWithFilters(Object(CInlineAction), Array)
#12 /Applications/mampstack-5.4.22-0/apache2/htdocs/chronocrowd/framework/web/CWebApplication.php(282): CController->run('index')
#13 /Applications/mampstack-5.4.22-0/apache2/htdocs/chronocrowd/framework/web/CWebApplication.php(141): CWebApplication->runController('gii/bootstrap/i...')
#14 /Applications/mampstack-5.4.22-0/apache2/htdocs/chronocrowd/framework/base/CApplication.php(180): CWebApplication->processRequest()
#15 /Applications/mampstack-5.4.22-0/apache2/htdocs/chronocrowd/index.php(13): CApplication->run()
#16 {main}
REQUEST_URI=/chronocrowd/index.php?r=gii/bootstrap/index
HTTP_REFERER=http://localhost:8088/chronocrowd/index.php?r=gii/default/index
---
2014/01/18 01:23:45 [error] [exception.CException] exception 'CException' with message 'TbActiveForm and its behaviors do not have a method or closure named "passwordFieldRow".' in /Applications/mampstack-5.4.22-0/apache2/htdocs/chronocrowd/framework/base/CComponent.php:266
Stack trace:
#0 /Applications/mampstack-5.4.22-0/apache2/htdocs/chronocrowd/protected/views/users/_form.php(24): CComponent->__call('passwordFieldRo...', Array)
#1 /Applications/mampstack-5.4.22-0/apache2/htdocs/chronocrowd/protected/views/users/_form.php(24): TbActiveForm->passwordFieldRow(Object(Users), 'user_password', Array)
#2 /Applications/mampstack-5.4.22-0/apache2/htdocs/chronocrowd/framework/web/CBaseController.php(126): require('/Applications/m...')
#3 /Applications/mampstack-5.4.22-0/apache2/htdocs/chronocrowd/framework/web/CBaseController.php(95): CBaseController->renderInternal('/Applications/m...', Array, true)
#4 /Applications/mampstack-5.4.22-0/apache2/htdocs/chronocrowd/framework/web/CController.php(869): CBaseController->renderFile('/Applications/m...', Array, true)
#5 /Applications/mampstack-5.4.22-0/apache2/htdocs/chronocrowd/protected/views/users/create.php(20): CController->renderPartial('_form', Array)
#6 /Applications/mampstack-5.4.22-0/apache2/htdocs/chronocrowd/framework/web/CBaseController.php(126): require('/Applications/m...')
#7 /Applications/mampstack-5.4.22-0/apache2/htdocs/chronocrowd/framework/web/CBaseController.php(95): CBaseController->renderInternal('/Applications/m...', Array, true)
#8 /Applications/mampstack-5.4.22-0/apache2/htdocs/chronocrowd/framework/web/CController.php(869): CBaseController->renderFile('/Applications/m...', Array, true)
#9 /Applications/mampstack-5.4.22-0/apache2/htdocs/chronocrowd/framework/web/CController.php(782): CController->renderPartial('create', Array, true)
#10 /Applications/mampstack-5.4.22-0/apache2/htdocs/chronocrowd/protected/controllers/UsersController.php(79): CController->render('create', Array)
#11 /Applications/mampstack-5.4.22-0/apache2/htdocs/chronocrowd/framework/web/actions/CInlineAction.php(49): UsersController->actionCreate()
#12 /Applications/mampstack-5.4.22-0/apache2/htdocs/chronocrowd/framework/web/CController.php(308): CInlineAction->runWithParams(Array)
#13 /Applications/mampstack-5.4.22-0/apache2/htdocs/chronocrowd/framework/web/filters/CFilterChain.php(133): CController->runAction(Object(CInlineAction))
#14 /Applications/mampstack-5.4.22-0/apache2/htdocs/chronocrowd/framework/web/filters/CFilter.php(40): CFilterChain->run()
#15 /Applications/mampstack-5.4.22-0/apache2/htdocs/chronocrowd/framework/web/CController.php(1145): CFilter->filter(Object(CFilterChain))
#16 /Applications/mampstack-5.4.22-0/apache2/htdocs/chronocrowd/framework/web/filters/CInlineFilter.php(58): CController->filterAccessControl(Object(CFilterChain))
#17 /Applications/mampstack-5.4.22-0/apache2/htdocs/chronocrowd/framework/web/filters/CFilterChain.php(130): CInlineFilter->filter(Object(CFilterChain))
#18 /Applications/mampstack-5.4.22-0/apache2/htdocs/chronocrowd/framework/web/CController.php(291): CFilterChain->run()
#19 /Applications/mampstack-5.4.22-0/apache2/htdocs/chronocrowd/framework/web/CController.php(265): CController->runActionWithFilters(Object(CInlineAction), Array)
#20 /Applications/mampstack-5.4.22-0/apache2/htdocs/chronocrowd/framework/web/CWebApplication.php(282): CController->run('create')
#21 /Applications/mampstack-5.4.22-0/apache2/htdocs/chronocrowd/framework/web/CWebApplication.php(141): CWebApplication->runController('users/create')
#22 /Applications/mampstack-5.4.22-0/apache2/htdocs/chronocrowd/framework/base/CApplication.php(180): CWebApplication->processRequest()
#23 /Applications/mampstack-5.4.22-0/apache2/htdocs/chronocrowd/index.php(13): CApplication->run()
#24 {main}
REQUEST_URI=/chronocrowd/index.php?r=users/create
HTTP_REFERER=http://localhost:8088/chronocrowd/index.php?r=users/view&id=2
---
2014/01/18 01:29:06 [error] [exception.CException] exception 'CException' with message 'TbActiveForm and its behaviors do not have a method or closure named "passwordFieldRow".' in /Applications/mampstack-5.4.22-0/apache2/htdocs/chronocrowd/framework/base/CComponent.php:266
Stack trace:
#0 /Applications/mampstack-5.4.22-0/apache2/htdocs/chronocrowd/protected/views/users/_form.php(24): CComponent->__call('passwordFieldRo...', Array)
#1 /Applications/mampstack-5.4.22-0/apache2/htdocs/chronocrowd/protected/views/users/_form.php(24): TbActiveForm->passwordFieldRow(Object(Users), 'user_password', Array)
#2 /Applications/mampstack-5.4.22-0/apache2/htdocs/chronocrowd/framework/web/CBaseController.php(126): require('/Applications/m...')
#3 /Applications/mampstack-5.4.22-0/apache2/htdocs/chronocrowd/framework/web/CBaseController.php(95): CBaseController->renderInternal('/Applications/m...', Array, true)
#4 /Applications/mampstack-5.4.22-0/apache2/htdocs/chronocrowd/framework/web/CController.php(869): CBaseController->renderFile('/Applications/m...', Array, true)
#5 /Applications/mampstack-5.4.22-0/apache2/htdocs/chronocrowd/protected/views/users/create.php(20): CController->renderPartial('_form', Array)
#6 /Applications/mampstack-5.4.22-0/apache2/htdocs/chronocrowd/framework/web/CBaseController.php(126): require('/Applications/m...')
#7 /Applications/mampstack-5.4.22-0/apache2/htdocs/chronocrowd/framework/web/CBaseController.php(95): CBaseController->renderInternal('/Applications/m...', Array, true)
#8 /Applications/mampstack-5.4.22-0/apache2/htdocs/chronocrowd/framework/web/CController.php(869): CBaseController->renderFile('/Applications/m...', Array, true)
#9 /Applications/mampstack-5.4.22-0/apache2/htdocs/chronocrowd/framework/web/CController.php(782): CController->renderPartial('create', Array, true)
#10 /Applications/mampstack-5.4.22-0/apache2/htdocs/chronocrowd/protected/controllers/UsersController.php(79): CController->render('create', Array)
#11 /Applications/mampstack-5.4.22-0/apache2/htdocs/chronocrowd/framework/web/actions/CInlineAction.php(49): UsersController->actionCreate()
#12 /Applications/mampstack-5.4.22-0/apache2/htdocs/chronocrowd/framework/web/CController.php(308): CInlineAction->runWithParams(Array)
#13 /Applications/mampstack-5.4.22-0/apache2/htdocs/chronocrowd/framework/web/filters/CFilterChain.php(133): CController->runAction(Object(CInlineAction))
#14 /Applications/mampstack-5.4.22-0/apache2/htdocs/chronocrowd/framework/web/filters/CFilter.php(40): CFilterChain->run()
#15 /Applications/mampstack-5.4.22-0/apache2/htdocs/chronocrowd/framework/web/CController.php(1145): CFilter->filter(Object(CFilterChain))
#16 /Applications/mampstack-5.4.22-0/apache2/htdocs/chronocrowd/framework/web/filters/CInlineFilter.php(58): CController->filterAccessControl(Object(CFilterChain))
#17 /Applications/mampstack-5.4.22-0/apache2/htdocs/chronocrowd/framework/web/filters/CFilterChain.php(130): CInlineFilter->filter(Object(CFilterChain))
#18 /Applications/mampstack-5.4.22-0/apache2/htdocs/chronocrowd/framework/web/CController.php(291): CFilterChain->run()
#19 /Applications/mampstack-5.4.22-0/apache2/htdocs/chronocrowd/framework/web/CController.php(265): CController->runActionWithFilters(Object(CInlineAction), Array)
#20 /Applications/mampstack-5.4.22-0/apache2/htdocs/chronocrowd/framework/web/CWebApplication.php(282): CController->run('create')
#21 /Applications/mampstack-5.4.22-0/apache2/htdocs/chronocrowd/framework/web/CWebApplication.php(141): CWebApplication->runController('users/create')
#22 /Applications/mampstack-5.4.22-0/apache2/htdocs/chronocrowd/framework/base/CApplication.php(180): CWebApplication->processRequest()
#23 /Applications/mampstack-5.4.22-0/apache2/htdocs/chronocrowd/index.php(13): CApplication->run()
#24 {main}
REQUEST_URI=/chronocrowd/index.php?r=users/create
HTTP_REFERER=http://localhost:8088/chronocrowd/index.php?r=users/view&id=2
---
2014/01/18 04:09:04 [error] [php] Undefined variable: model (/Applications/mampstack-5.4.22-0/apache2/htdocs/chronocrowd/protected/views/site/login.php:28)
Stack trace:
#0 /Applications/mampstack-5.4.22-0/apache2/htdocs/chronocrowd/framework/web/CController.php(869): SiteController->renderFile()
#1 /Applications/mampstack-5.4.22-0/apache2/htdocs/chronocrowd/framework/web/CController.php(782): SiteController->renderPartial()
#2 /Applications/mampstack-5.4.22-0/apache2/htdocs/chronocrowd/protected/controllers/SiteController.php(32): SiteController->render()
#3 /Applications/mampstack-5.4.22-0/apache2/htdocs/chronocrowd/framework/web/actions/CInlineAction.php(49): SiteController->actionIndex()
#4 /Applications/mampstack-5.4.22-0/apache2/htdocs/chronocrowd/framework/web/CController.php(308): CInlineAction->runWithParams()
#5 /Applications/mampstack-5.4.22-0/apache2/htdocs/chronocrowd/framework/web/CController.php(286): SiteController->runAction()
#6 /Applications/mampstack-5.4.22-0/apache2/htdocs/chronocrowd/framework/web/CController.php(265): SiteController->runActionWithFilters()
#7 /Applications/mampstack-5.4.22-0/apache2/htdocs/chronocrowd/framework/web/CWebApplication.php(282): SiteController->run()
#8 /Applications/mampstack-5.4.22-0/apache2/htdocs/chronocrowd/framework/web/CWebApplication.php(141): CWebApplication->runController()
#9 /Applications/mampstack-5.4.22-0/apache2/htdocs/chronocrowd/framework/base/CApplication.php(180): CWebApplication->processRequest()
#10 /Applications/mampstack-5.4.22-0/apache2/htdocs/chronocrowd/index.php(13): CWebApplication->run()
REQUEST_URI=/chronocrowd/index.php
in /Applications/mampstack-5.4.22-0/apache2/htdocs/chronocrowd/protected/views/site/login.php (28)
in /Applications/mampstack-5.4.22-0/apache2/htdocs/chronocrowd/protected/controllers/SiteController.php (32)
in /Applications/mampstack-5.4.22-0/apache2/htdocs/chronocrowd/index.php (13)
2014/01/18 04:10:34 [error] [php] Undefined variable: model (/Applications/mampstack-5.4.22-0/apache2/htdocs/chronocrowd/protected/controllers/SiteController.php:33)
Stack trace:
#0 /Applications/mampstack-5.4.22-0/apache2/htdocs/chronocrowd/framework/web/CController.php(286): SiteController->runAction()
#1 /Applications/mampstack-5.4.22-0/apache2/htdocs/chronocrowd/framework/web/CController.php(265): SiteController->runActionWithFilters()
#2 /Applications/mampstack-5.4.22-0/apache2/htdocs/chronocrowd/framework/web/CWebApplication.php(282): SiteController->run()
#3 /Applications/mampstack-5.4.22-0/apache2/htdocs/chronocrowd/framework/web/CWebApplication.php(141): CWebApplication->runController()
#4 /Applications/mampstack-5.4.22-0/apache2/htdocs/chronocrowd/framework/base/CApplication.php(180): CWebApplication->processRequest()
#5 /Applications/mampstack-5.4.22-0/apache2/htdocs/chronocrowd/index.php(13): CWebApplication->run()
REQUEST_URI=/chronocrowd/index.php
in /Applications/mampstack-5.4.22-0/apache2/htdocs/chronocrowd/protected/controllers/SiteController.php (33)
in /Applications/mampstack-5.4.22-0/apache2/htdocs/chronocrowd/index.php (13)
2014/01/18 04:10:36 [error] [php] Undefined variable: model (/Applications/mampstack-5.4.22-0/apache2/htdocs/chronocrowd/protected/controllers/SiteController.php:33)
Stack trace:
#0 /Applications/mampstack-5.4.22-0/apache2/htdocs/chronocrowd/framework/web/CController.php(286): SiteController->runAction()
#1 /Applications/mampstack-5.4.22-0/apache2/htdocs/chronocrowd/framework/web/CController.php(265): SiteController->runActionWithFilters()
#2 /Applications/mampstack-5.4.22-0/apache2/htdocs/chronocrowd/framework/web/CWebApplication.php(282): SiteController->run()
#3 /Applications/mampstack-5.4.22-0/apache2/htdocs/chronocrowd/framework/web/CWebApplication.php(141): CWebApplication->runController()
#4 /Applications/mampstack-5.4.22-0/apache2/htdocs/chronocrowd/framework/base/CApplication.php(180): CWebApplication->processRequest()
#5 /Applications/mampstack-5.4.22-0/apache2/htdocs/chronocrowd/index.php(13): CWebApplication->run()
REQUEST_URI=/chronocrowd/index.php
in /Applications/mampstack-5.4.22-0/apache2/htdocs/chronocrowd/protected/controllers/SiteController.php (33)
in /Applications/mampstack-5.4.22-0/apache2/htdocs/chronocrowd/index.php (13)
2014/01/18 04:10:41 [error] [php] Undefined variable: model (/Applications/mampstack-5.4.22-0/apache2/htdocs/chronocrowd/protected/controllers/SiteController.php:33)
Stack trace:
#0 /Applications/mampstack-5.4.22-0/apache2/htdocs/chronocrowd/framework/web/CController.php(286): SiteController->runAction()
#1 /Applications/mampstack-5.4.22-0/apache2/htdocs/chronocrowd/framework/web/CController.php(265): SiteController->runActionWithFilters()
#2 /Applications/mampstack-5.4.22-0/apache2/htdocs/chronocrowd/framework/web/CWebApplication.php(282): SiteController->run()
#3 /Applications/mampstack-5.4.22-0/apache2/htdocs/chronocrowd/framework/web/CWebApplication.php(141): CWebApplication->runController()
#4 /Applications/mampstack-5.4.22-0/apache2/htdocs/chronocrowd/framework/base/CApplication.php(180): CWebApplication->processRequest()
#5 /Applications/mampstack-5.4.22-0/apache2/htdocs/chronocrowd/index.php(13): CWebApplication->run()
REQUEST_URI=/chronocrowd/index.php
in /Applications/mampstack-5.4.22-0/apache2/htdocs/chronocrowd/protected/controllers/SiteController.php (33)
in /Applications/mampstack-5.4.22-0/apache2/htdocs/chronocrowd/index.php (13)
